<?xml version="1.0" encoding="UTF-8"?>
<!-- Generated by org.testng.reporters.JUnitXMLReporter -->
<testsuite ignored="0" hostname="Kenils-MacBook-Pro.local" failures="1" tests="1" name="Assignment" time="40.368" errors="0" timestamp="2022-05-23T20:39:28 IST">
  <testcase classname="com.amazon.scripts.Assignment" name="completeAssignment" time="35.169">
    <failure type="java.lang.ClassCastException" message="class java.lang.String cannot be cast to class org.openqa.selenium.By (java.lang.String is in module java.base of loader &amp;apos;bootstrap&amp;apos;; org.openqa.selenium.By is in unnamed module of loader &amp;apos;app&amp;apos;)">
      <![CDATA[java.lang.ClassCastException: class java.lang.String cannot be cast to class org.openqa.selenium.By (java.lang.String is in module java.base of loader 'bootstrap'; org.openqa.selenium.By is in unnamed module of loader 'app')
at com.amazon.selenium.interactions.Timeout.waitForElementToBePresent(Timeout.java:56)
at com.amazon.selenium.interactions.Timeout.waitForElementToBePresent(Timeout.java:52)
at com.amazon.selenium.interactions.QueryHtml.findElement(QueryHtml.java:32)
at com.amazon.selenium.interactions.QueryHtml.castLocator(QueryHtml.java:137)
at com.amazon.selenium.interactions.Mouse.scroll(Mouse.java:272)
at com.amazon.pages.ItemPage.getAboutThisItemContents(ItemPage.java:25)
at com.amazon.scripts.Assignment.completeAssignment(Assignment.java:41)
at java.base/java.util.concurrent.ThreadPoolExecutor.runWorker(ThreadPoolExecutor.java:1128)
at java.base/java.util.concurrent.ThreadPoolExecutor$Worker.run(ThreadPoolExecutor.java:628)
at java.base/java.lang.Thread.run(Thread.java:829)
... Removed 12 stack frames]]>
    </failure>
  </testcase> <!-- completeAssignment -->
</testsuite> <!-- Assignment -->
